<?xml version="1.0" encoding="UTF-8"?>
<!-- Generated by org.testng.reporters.JUnitReportReporter -->
<testsuite skipped="0" hostname="LAPTOP-2SUCPHE7" name="com.Abhilash.test.Tartecosmetics" tests="5" failures="0" timestamp="04 Jun 2020 18:27:50 GMT" time="17.947" errors="0">
  <testcase name="SelectNewArrial" time="3.257" classname="com.Abhilash.test.Tartecosmetics"/>
  <testcase name="SelectItem1FromNewArrival" time="4.875" classname="com.Abhilash.test.Tartecosmetics"/>
  <testcase name="AddItem1ForBag" time="0.156" classname="com.Abhilash.test.Tartecosmetics"/>
  <testcase name="addItem2" time="5.981" classname="com.Abhilash.test.Tartecosmetics"/>
  <testcase name="RemoveItemfromBag" time="3.678" classname="com.Abhilash.test.Tartecosmetics"/>
</testsuite> <!-- com.Abhilash.test.Tartecosmetics -->
